[0402/155910:WARNING:dns_config_service_win.cc(481)] Failed to read DnsConfig.
[0402/155925:INFO:CONSOLE(0)] "Unsafe JavaScript attempt to access frame with URL file:///C:/Users/Administrator/AppData/Roaming/Adobe/CEPServiceManager4/extensions/Cutterman/index.html from frame with URL http://www.cutterman.cn/app/Cutterman/content/index.html?t=1491119962675&flag=1. Domains, protocols and ports must match.
," source: (0)
[0402/155925:INFO:CONSOLE(0)] "Unsafe JavaScript attempt to access frame with URL file:///C:/Users/Administrator/AppData/Roaming/Adobe/CEPServiceManager4/extensions/Cutterman/index.html from frame with URL http://www.cutterman.cn/app/Cutterman/content/index.html?t=1491119962675&flag=1. Domains, protocols and ports must match.
," source: (0)
[0402/155925:INFO:CONSOLE(0)] "Unsafe JavaScript attempt to access frame with URL file:///C:/Users/Administrator/AppData/Roaming/Adobe/CEPServiceManager4/extensions/Cutterman/index.html from frame with URL http://www.cutterman.cn/app/Cutterman/content/index.html?t=1491119962675&flag=1. Domains, protocols and ports must match.
," source: (0)
[0402/155925:INFO:CONSOLE(0)] "create jsx_dir failed," source: http://www.cutterman.cn/app/Cutterman/content/js/base.js?t=2.5.30(32)
[0402/155926:INFO:CONSOLE(0)] "write constants.jsx success," source: http://www.cutterman.cn/app/Cutterman/content/js/base.js?t=2.5.30(51)
[0402/155926:INFO:CONSOLE(0)] "write library.jsx success," source: http://www.cutterman.cn/app/Cutterman/content/js/base.js?t=2.5.30(51)
[0402/155926:INFO:CONSOLE(0)] "write export.jsx success," source: http://www.cutterman.cn/app/Cutterman/content/js/base.js?t=2.5.30(51)
[0402/155942:INFO:CONSOLE(0)] "w:NaN, h: NaN," source: http://www.cutterman.cn/app/Cutterman/content/js/main.js?t=2.5.30(53)
[0402/155942:INFO:CONSOLE(0)] "w:NaN, h: NaN," source: http://www.cutterman.cn/app/Cutterman/content/js/main.js?t=2.5.30(53)
[0402/155944:INFO:CONSOLE(0)] "w:NaN, h: NaN," source: http://www.cutterman.cn/app/Cutterman/content/js/main.js?t=2.5.30(53)
[0402/160115:INFO:CONSOLE(0)] "w:NaN, h: NaN," source: http://www.cutterman.cn/app/Cutterman/content/js/main.js?t=2.5.30(53)
[0402/160117:INFO:CONSOLE(0)] "w:70, h: NaN," source: http://www.cutterman.cn/app/Cutterman/content/js/main.js?t=2.5.30(53)
[0402/160119:INFO:CONSOLE(0)] "w:70, h: 70," source: http://www.cutterman.cn/app/Cutterman/content/js/main.js?t=2.5.30(53)
[0402/165345:INFO:CONSOLE(0)] "w:70, h: 70," source: http://www.cutterman.cn/app/Cutterman/content/js/main.js?t=2.5.30(53)
[0402/165347:INFO:CONSOLE(0)] "w:40, h: 70," source: http://www.cutterman.cn/app/Cutterman/content/js/main.js?t=2.5.30(53)
[0402/165349:INFO:CONSOLE(0)] "w:40, h: 40," source: http://www.cutterman.cn/app/Cutterman/content/js/main.js?t=2.5.30(53)
[0402/171739:INFO:CONSOLE(0)] "w:40, h: 40," source: http://www.cutterman.cn/app/Cutterman/content/js/main.js?t=2.5.30(53)
[0402/171743:INFO:CONSOLE(0)] "w:42, h: 40," source: http://www.cutterman.cn/app/Cutterman/content/js/main.js?t=2.5.30(53)
[0402/171745:INFO:CONSOLE(0)] "w:42, h: 42," source: http://www.cutterman.cn/app/Cutterman/content/js/main.js?t=2.5.30(53)
[0402/182927:INFO:CONSOLE(0)] "w:320, h: 42," source: http://www.cutterman.cn/app/Cutterman/content/js/main.js?t=2.5.30(53)
[0402/182931:INFO:CONSOLE(0)] "w:320, h: 320," source: http://www.cutterman.cn/app/Cutterman/content/js/main.js?t=2.5.30(53)
[0402/183219:INFO:CONSOLE(0)] "w:320, h: 320," source: http://www.cutterman.cn/app/Cutterman/content/js/main.js?t=2.5.30(53)
[0402/183222:INFO:CONSOLE(0)] "w:160, h: 320," source: http://www.cutterman.cn/app/Cutterman/content/js/main.js?t=2.5.30(53)
[0402/183226:INFO:CONSOLE(0)] "w:160, h: 160," source: http://www.cutterman.cn/app/Cutterman/content/js/main.js?t=2.5.30(53)
[0402/183232:INFO:CONSOLE(0)] "w:160, h: 160," source: http://www.cutterman.cn/app/Cutterman/content/js/main.js?t=2.5.30(53)
